<?xml version="1.0" encoding="UTF-8"?>
<testsuites>
  <testsuite name="" tests="26" assertions="33" errors="0" warnings="0" failures="0" skipped="0" time="0.030545">
    <testsuite name="Project Test Suite" tests="26" assertions="33" errors="0" warnings="0" failures="0" skipped="0" time="0.030545">
      <testsuite name="App\Tests\Card\CardGraphicTest" file="/home/shiajo/dbwebb-kurser/mvc/me/report/tests/Card/CardGraphicTest.php" tests="3" assertions="3" errors="0" warnings="0" failures="0" skipped="0" time="0.003824">
        <testcase name="testGetValue" class="App\Tests\Card\CardGraphicTest" classname="App.Tests.Card.CardGraphicTest" file="/home/shiajo/dbwebb-kurser/mvc/me/report/tests/Card/CardGraphicTest.php" line="13" assertions="1" time="0.003476"/>
        <testcase name="testGetSuitAsWord" class="App\Tests\Card\CardGraphicTest" classname="App.Tests.Card.CardGraphicTest" file="/home/shiajo/dbwebb-kurser/mvc/me/report/tests/Card/CardGraphicTest.php" line="19" assertions="1" time="0.000189"/>
        <testcase name="testToString" class="App\Tests\Card\CardGraphicTest" classname="App.Tests.Card.CardGraphicTest" file="/home/shiajo/dbwebb-kurser/mvc/me/report/tests/Card/CardGraphicTest.php" line="25" assertions="1" time="0.000158"/>
      </testsuite>
      <testsuite name="App\Tests\Card\CardHandTest" file="/home/shiajo/dbwebb-kurser/mvc/me/report/tests/Card/CardHandTest.php" tests="1" assertions="1" errors="0" warnings="0" failures="0" skipped="0" time="0.000870">
        <testcase name="testDrawCard" class="App\Tests\Card\CardHandTest" classname="App.Tests.Card.CardHandTest" file="/home/shiajo/dbwebb-kurser/mvc/me/report/tests/Card/CardHandTest.php" line="15" assertions="1" time="0.000870"/>
      </testsuite>
      <testsuite name="App\Tests\Card\CardTest" file="/home/shiajo/dbwebb-kurser/mvc/me/report/tests/Card/CardTest.php" tests="3" assertions="3" errors="0" warnings="0" failures="0" skipped="0" time="0.000561">
        <testcase name="testGetValue" class="App\Tests\Card\CardTest" classname="App.Tests.Card.CardTest" file="/home/shiajo/dbwebb-kurser/mvc/me/report/tests/Card/CardTest.php" line="13" assertions="1" time="0.000163"/>
        <testcase name="testGetSuit" class="App\Tests\Card\CardTest" classname="App.Tests.Card.CardTest" file="/home/shiajo/dbwebb-kurser/mvc/me/report/tests/Card/CardTest.php" line="19" assertions="1" time="0.000233"/>
        <testcase name="testToString" class="App\Tests\Card\CardTest" classname="App.Tests.Card.CardTest" file="/home/shiajo/dbwebb-kurser/mvc/me/report/tests/Card/CardTest.php" line="25" assertions="1" time="0.000165"/>
      </testsuite>
      <testsuite name="App\Tests\Card\DeckOfCardsTest" file="/home/shiajo/dbwebb-kurser/mvc/me/report/tests/Card/DeckOfCardsTest.php" tests="6" assertions="6" errors="0" warnings="0" failures="0" skipped="0" time="0.010020">
        <testcase name="testGetCards" class="App\Tests\Card\DeckOfCardsTest" classname="App.Tests.Card.DeckOfCardsTest" file="/home/shiajo/dbwebb-kurser/mvc/me/report/tests/Card/DeckOfCardsTest.php" line="15" assertions="1" time="0.000528"/>
        <testcase name="testSortCards" class="App\Tests\Card\DeckOfCardsTest" classname="App.Tests.Card.DeckOfCardsTest" file="/home/shiajo/dbwebb-kurser/mvc/me/report/tests/Card/DeckOfCardsTest.php" line="21" assertions="1" time="0.003399"/>
        <testcase name="testShuffleCards" class="App\Tests\Card\DeckOfCardsTest" classname="App.Tests.Card.DeckOfCardsTest" file="/home/shiajo/dbwebb-kurser/mvc/me/report/tests/Card/DeckOfCardsTest.php" line="28" assertions="1" time="0.004905"/>
        <testcase name="testCountCards" class="App\Tests\Card\DeckOfCardsTest" classname="App.Tests.Card.DeckOfCardsTest" file="/home/shiajo/dbwebb-kurser/mvc/me/report/tests/Card/DeckOfCardsTest.php" line="35" assertions="1" time="0.000202"/>
        <testcase name="testDrawReturn" class="App\Tests\Card\DeckOfCardsTest" classname="App.Tests.Card.DeckOfCardsTest" file="/home/shiajo/dbwebb-kurser/mvc/me/report/tests/Card/DeckOfCardsTest.php" line="41" assertions="1" time="0.000668"/>
        <testcase name="testGetCardsForJson" class="App\Tests\Card\DeckOfCardsTest" classname="App.Tests.Card.DeckOfCardsTest" file="/home/shiajo/dbwebb-kurser/mvc/me/report/tests/Card/DeckOfCardsTest.php" line="51" assertions="1" time="0.000318"/>
      </testsuite>
      <testsuite name="App\Tests\Card\DrawTest" file="/home/shiajo/dbwebb-kurser/mvc/me/report/tests/Card/DrawTest.php" tests="2" assertions="3" errors="0" warnings="0" failures="0" skipped="0" time="0.001752">
        <testcase name="testPlayerDraw" class="App\Tests\Card\DrawTest" classname="App.Tests.Card.DrawTest" file="/home/shiajo/dbwebb-kurser/mvc/me/report/tests/Card/DrawTest.php" line="18" assertions="1" time="0.000762"/>
        <testcase name="testBankDraw" class="App\Tests\Card\DrawTest" classname="App.Tests.Card.DrawTest" file="/home/shiajo/dbwebb-kurser/mvc/me/report/tests/Card/DrawTest.php" line="30" assertions="2" time="0.000990"/>
      </testsuite>
      <testsuite name="App\Tests\Card\GameTest" file="/home/shiajo/dbwebb-kurser/mvc/me/report/tests/Card/GameTest.php" tests="9" assertions="14" errors="0" warnings="0" failures="0" skipped="0" time="0.012781">
        <testcase name="testPlayGame" class="App\Tests\Card\GameTest" classname="App.Tests.Card.GameTest" file="/home/shiajo/dbwebb-kurser/mvc/me/report/tests/Card/GameTest.php" line="19" assertions="1" time="0.006267"/>
        <testcase name="testPlayGameWithDrawCard" class="App\Tests\Card\GameTest" classname="App.Tests.Card.GameTest" file="/home/shiajo/dbwebb-kurser/mvc/me/report/tests/Card/GameTest.php" line="66" assertions="1" time="0.002387"/>
        <testcase name="testPlayGameWithStop" class="App\Tests\Card\GameTest" classname="App.Tests.Card.GameTest" file="/home/shiajo/dbwebb-kurser/mvc/me/report/tests/Card/GameTest.php" line="78" assertions="1" time="0.000340"/>
        <testcase name="testWinner" class="App\Tests\Card\GameTest" classname="App.Tests.Card.GameTest" file="/home/shiajo/dbwebb-kurser/mvc/me/report/tests/Card/GameTest.php" line="90" assertions="4" time="0.000473"/>
        <testcase name="testSessionGame" class="App\Tests\Card\GameTest" classname="App.Tests.Card.GameTest" file="/home/shiajo/dbwebb-kurser/mvc/me/report/tests/Card/GameTest.php" line="100" assertions="2" time="0.000725"/>
        <testcase name="testReturnGame" class="App\Tests\Card\GameTest" classname="App.Tests.Card.GameTest" file="/home/shiajo/dbwebb-kurser/mvc/me/report/tests/Card/GameTest.php" line="117" assertions="1" time="0.000268"/>
        <testcase name="testJsonGame" class="App\Tests\Card\GameTest" classname="App.Tests.Card.GameTest" file="/home/shiajo/dbwebb-kurser/mvc/me/report/tests/Card/GameTest.php" line="134" assertions="1" time="0.000792"/>
        <testcase name="testJsonBankHand" class="App\Tests\Card\GameTest" classname="App.Tests.Card.GameTest" file="/home/shiajo/dbwebb-kurser/mvc/me/report/tests/Card/GameTest.php" line="155" assertions="1" time="0.000361"/>
        <testcase name="testGameData" class="App\Tests\Card\GameTest" classname="App.Tests.Card.GameTest" file="/home/shiajo/dbwebb-kurser/mvc/me/report/tests/Card/GameTest.php" line="176" assertions="2" time="0.001168"/>
      </testsuite>
      <testsuite name="App\Tests\Card\TurnTest" file="/home/shiajo/dbwebb-kurser/mvc/me/report/tests/Card/TurnTest.php" tests="2" assertions="3" errors="0" warnings="0" failures="0" skipped="0" time="0.000738">
        <testcase name="testPlayerTurn" class="App\Tests\Card\TurnTest" classname="App.Tests.Card.TurnTest" file="/home/shiajo/dbwebb-kurser/mvc/me/report/tests/Card/TurnTest.php" line="17" assertions="1" time="0.000357"/>
        <testcase name="testBankTurn" class="App\Tests\Card\TurnTest" classname="App.Tests.Card.TurnTest" file="/home/shiajo/dbwebb-kurser/mvc/me/report/tests/Card/TurnTest.php" line="30" assertions="2" time="0.000381"/>
      </testsuite>
    </testsuite>
  </testsuite>
</testsuites>
